d:\02camtongyonghalcon11.1\generatedfiles\debug\moc_calibration.cpp
d:\02camtongyonghalcon11.1\generatedfiles\debug\moc_choosedialog.cpp
d:\02camtongyonghalcon11.1\generatedfiles\debug\moc_connect.cpp
d:\02camtongyonghalcon11.1\generatedfiles\debug\moc_handeyecalib.cpp
d:\02camtongyonghalcon11.1\generatedfiles\debug\moc_imageshow.cpp
d:\02camtongyonghalcon11.1\generatedfiles\debug\moc_imagethread.cpp
d:\02camtongyonghalcon11.1\generatedfiles\debug\moc_matching.cpp
d:\02camtongyonghalcon11.1\generatedfiles\debug\moc_models.cpp
d:\02camtongyonghalcon11.1\generatedfiles\debug\moc_simulate.cpp
d:\02camtongyonghalcon11.1\generatedfiles\debug\moc_halconimage.cpp
d:\02camtongyonghalcon11.1\generatedfiles\debug\moc_mainwidget.cpp
d:\02camtongyonghalcon11.1\generatedfiles\debug\moc_widgetscens.cpp
d:\02camtongyonghalcon11.1\generatedfiles\debug\moc_widgetview.cpp
d:\02camtongyonghalcon11.1\generatedfiles\qrc_pixmap.cpp
d:\02camtongyonghalcon11.1\generatedfiles\ui_2dimageshow.h
d:\02camtongyonghalcon11.1\generatedfiles\ui_2dimageshow1.h
d:\02camtongyonghalcon11.1\generatedfiles\ui_connect.h
d:\02camtongyonghalcon11.1\generatedfiles\ui_halconimage.h
d:\02camtongyonghalcon11.1\generatedfiles\ui_handeyecalib.h
d:\02camtongyonghalcon11.1\debug\connect.obj
d:\02camtongyonghalcon11.1\debug\matching.obj
d:\02camtongyonghalcon11.1\debug\halconimage.obj
d:\02camtongyonghalcon11.1\debug\widgetview.obj
d:\02camtongyonghalcon11.1\debug\moc_choosedialog.obj
d:\02camtongyonghalcon11.1\debug\moc_imagethread.obj
d:\02camtongyonghalcon11.1\debug\moc_models.obj
d:\02camtongyonghalcon11.1\debug\moc_widgetscens.obj
d:\02camtongyonghalcon11.1\debug\calibration.obj
d:\02camtongyonghalcon11.1\debug\imageshow.obj
d:\02camtongyonghalcon11.1\debug\widgetscens.obj
d:\02camtongyonghalcon11.1\debug\moc_calibration.obj
d:\02camtongyonghalcon11.1\debug\moc_handeyecalib.obj
d:\02camtongyonghalcon11.1\debug\moc_simulate.obj
d:\02camtongyonghalcon11.1\debug\moc_widgetview.obj
d:\02camtongyonghalcon11.1\debug\choosedialog.obj
d:\02camtongyonghalcon11.1\debug\imagethread.obj
d:\02camtongyonghalcon11.1\debug\simulate.obj
d:\02camtongyonghalcon11.1\debug\mainwidget.obj
d:\02camtongyonghalcon11.1\debug\moc_imageshow.obj
d:\02camtongyonghalcon11.1\debug\moc_halconimage.obj
d:\02camtongyonghalcon11.1\debug\qrc_pixmap.obj
d:\02camtongyonghalcon11.1\debug\handeyecalib.obj
d:\02camtongyonghalcon11.1\debug\models.obj
d:\02camtongyonghalcon11.1\debug\main.obj
d:\02camtongyonghalcon11.1\debug\moc_connect.obj
d:\02camtongyonghalcon11.1\debug\moc_matching.obj
d:\02camtongyonghalcon11.1\debug\moc_mainwidget.obj
d:\02camtongyonghalcon11.1\debug\vc140.pdb
d:\02camtongyonghalcon11.1\debug\cameraclient.ilk
d:\02camtongyonghalcon11.1\debug\cameraclient.exe
d:\02camtongyonghalcon11.1\debug\cameraclient.pdb
d:\02camtongyonghalcon11.1\debug\cameraclient.tlog\cameraclient.write.1u.tlog
d:\02camtongyonghalcon11.1\debug\cameraclient.tlog\cl.command.1.tlog
d:\02camtongyonghalcon11.1\debug\cameraclient.tlog\cl.read.1.tlog
d:\02camtongyonghalcon11.1\debug\cameraclient.tlog\cl.write.1.tlog
d:\02camtongyonghalcon11.1\debug\cameraclient.tlog\link.command.1.tlog
d:\02camtongyonghalcon11.1\debug\cameraclient.tlog\link.read.1.tlog
d:\02camtongyonghalcon11.1\debug\cameraclient.tlog\link.write.1.tlog
