d:\02projects\11hhweldqt\camtongyonghalcon11.1(huahen)\win32\debug\vc140.pdb
d:\02projects\11hhweldqt\camtongyonghalcon11.1(huahen)\win32\debug\imagethread.obj
d:\02projects\11hhweldqt\camtongyonghalcon11.1(huahen)\win32\debug\imageshow.obj
d:\02projects\11hhweldqt\camtongyonghalcon11.1(huahen)\win32\debug\handeyecalib.obj
d:\02projects\11hhweldqt\camtongyonghalcon11.1(huahen)\win32\debug\moc_widgetview.obj
d:\02projects\11hhweldqt\camtongyonghalcon11.1(huahen)\win32\debug\moc_widgetscens.obj
d:\02projects\11hhweldqt\camtongyonghalcon11.1(huahen)\win32\debug\moc_simulate.obj
d:\02projects\11hhweldqt\camtongyonghalcon11.1(huahen)\win32\debug\moc_qtadsoperate.obj
d:\02projects\11hhweldqt\camtongyonghalcon11.1(huahen)\win32\debug\moc_models.obj
d:\02projects\11hhweldqt\camtongyonghalcon11.1(huahen)\win32\debug\moc_matching.obj
d:\02projects\11hhweldqt\camtongyonghalcon11.1(huahen)\win32\debug\moc_mainwidget.obj
d:\02projects\11hhweldqt\camtongyonghalcon11.1(huahen)\win32\debug\moc_imagethread.obj
d:\02projects\11hhweldqt\camtongyonghalcon11.1(huahen)\win32\debug\moc_imageshow.obj
d:\02projects\11hhweldqt\camtongyonghalcon11.1(huahen)\win32\debug\moc_handeyecalib.obj
d:\02projects\11hhweldqt\camtongyonghalcon11.1(huahen)\win32\debug\moc_halconimage.obj
d:\02projects\11hhweldqt\camtongyonghalcon11.1(huahen)\win32\debug\moc_connect.obj
d:\02projects\11hhweldqt\camtongyonghalcon11.1(huahen)\win32\debug\moc_choosedialog.obj
d:\02projects\11hhweldqt\camtongyonghalcon11.1(huahen)\win32\debug\moc_calibration.obj
d:\02projects\11hhweldqt\camtongyonghalcon11.1(huahen)\win32\debug\connect.obj
d:\02projects\11hhweldqt\camtongyonghalcon11.1(huahen)\win32\debug\choosedialog.obj
d:\02projects\11hhweldqt\camtongyonghalcon11.1(huahen)\win32\debug\calibration.obj
d:\02projects\11hhweldqt\camtongyonghalcon11.1(huahen)\win32\debug\widgetview.obj
d:\02projects\11hhweldqt\camtongyonghalcon11.1(huahen)\win32\debug\widgetscens.obj
d:\02projects\11hhweldqt\camtongyonghalcon11.1(huahen)\win32\debug\mainwidget.obj
d:\02projects\11hhweldqt\camtongyonghalcon11.1(huahen)\win32\debug\main.obj
d:\02projects\11hhweldqt\camtongyonghalcon11.1(huahen)\win32\debug\halconimage.obj
d:\02projects\11hhweldqt\camtongyonghalcon11.1(huahen)\win32\debug\simulate.obj
d:\02projects\11hhweldqt\camtongyonghalcon11.1(huahen)\win32\debug\models.obj
d:\02projects\11hhweldqt\camtongyonghalcon11.1(huahen)\win32\debug\matching.obj
d:\02projects\11hhweldqt\camtongyonghalcon11.1(huahen)\win32\debug\qrc_pixmap.obj
d:\02projects\11hhweldqt\camtongyonghalcon11.1(huahen)\generatedfiles\ui_connect.h
d:\02projects\11hhweldqt\camtongyonghalcon11.1(huahen)\generatedfiles\ui_halconimage.h
d:\02projects\11hhweldqt\camtongyonghalcon11.1(huahen)\generatedfiles\ui_handeyecalib.h
d:\02projects\11hhweldqt\camtongyonghalcon11.1(huahen)\generatedfiles\qrc_pixmap.cpp
d:\02projects\11hhweldqt\camtongyonghalcon11.1(huahen)\debug\moc_qtadsoperate.cpp
d:\02projects\11hhweldqt\camtongyonghalcon11.1(huahen)\debug\moc_calibration.cpp
d:\02projects\11hhweldqt\camtongyonghalcon11.1(huahen)\debug\moc_choosedialog.cpp
d:\02projects\11hhweldqt\camtongyonghalcon11.1(huahen)\debug\moc_connect.cpp
d:\02projects\11hhweldqt\camtongyonghalcon11.1(huahen)\debug\moc_handeyecalib.cpp
d:\02projects\11hhweldqt\camtongyonghalcon11.1(huahen)\debug\moc_imagethread.cpp
d:\02projects\11hhweldqt\camtongyonghalcon11.1(huahen)\debug\moc_matching.cpp
d:\02projects\11hhweldqt\camtongyonghalcon11.1(huahen)\debug\moc_models.cpp
d:\02projects\11hhweldqt\camtongyonghalcon11.1(huahen)\debug\moc_simulate.cpp
d:\02projects\11hhweldqt\camtongyonghalcon11.1(huahen)\debug\moc_halconimage.cpp
d:\02projects\11hhweldqt\camtongyonghalcon11.1(huahen)\debug\moc_mainwidget.cpp
d:\02projects\11hhweldqt\camtongyonghalcon11.1(huahen)\debug\moc_widgetscens.cpp
d:\02projects\11hhweldqt\camtongyonghalcon11.1(huahen)\debug\moc_widgetview.cpp
d:\02projects\11hhweldqt\camtongyonghalcon11.1(huahen)\debug\moc_imageshow.cpp
d:\02projects\11hhweldqt\camtongyonghalcon11.1(huahen)\generatedfiles\ui_2dimageshow.h
d:\02projects\11hhweldqt\camtongyonghalcon11.1(huahen)\win32\debug\cameraclient.tlog\cl.command.1.tlog
d:\02projects\11hhweldqt\camtongyonghalcon11.1(huahen)\win32\debug\cameraclient.tlog\cl.read.1.tlog
d:\02projects\11hhweldqt\camtongyonghalcon11.1(huahen)\win32\debug\cameraclient.tlog\cl.write.1.tlog
d:\02projects\11hhweldqt\camtongyonghalcon11.1(huahen)\win32\debug\cameraclient.tlog\custombuild.command.1.tlog
d:\02projects\11hhweldqt\camtongyonghalcon11.1(huahen)\win32\debug\cameraclient.tlog\custombuild.read.1.tlog
d:\02projects\11hhweldqt\camtongyonghalcon11.1(huahen)\win32\debug\cameraclient.tlog\custombuild.write.1.tlog
d:\02projects\11hhweldqt\camtongyonghalcon11.1(huahen)\win32\debug\cameraclient.tlog\link-cvtres.read.1.tlog
d:\02projects\11hhweldqt\camtongyonghalcon11.1(huahen)\win32\debug\cameraclient.tlog\link-cvtres.write.1.tlog
d:\02projects\11hhweldqt\camtongyonghalcon11.1(huahen)\win32\debug\cameraclient.tlog\link-rc.read.1.tlog
d:\02projects\11hhweldqt\camtongyonghalcon11.1(huahen)\win32\debug\cameraclient.tlog\link-rc.write.1.tlog
d:\02projects\11hhweldqt\camtongyonghalcon11.1(huahen)\win32\debug\cameraclient.tlog\link.8256-cvtres.read.1.tlog
d:\02projects\11hhweldqt\camtongyonghalcon11.1(huahen)\win32\debug\cameraclient.tlog\link.8256-cvtres.write.1.tlog
d:\02projects\11hhweldqt\camtongyonghalcon11.1(huahen)\win32\debug\cameraclient.tlog\link.8256-rc.read.1.tlog
d:\02projects\11hhweldqt\camtongyonghalcon11.1(huahen)\win32\debug\cameraclient.tlog\link.8256-rc.write.1.tlog
d:\02projects\11hhweldqt\camtongyonghalcon11.1(huahen)\win32\debug\cameraclient.tlog\link.8256.read.1.tlog
d:\02projects\11hhweldqt\camtongyonghalcon11.1(huahen)\win32\debug\cameraclient.tlog\link.8256.write.1.tlog
d:\02projects\11hhweldqt\camtongyonghalcon11.1(huahen)\win32\debug\cameraclient.tlog\link.command.1.tlog
d:\02projects\11hhweldqt\camtongyonghalcon11.1(huahen)\win32\debug\cameraclient.tlog\link.read.1.tlog
d:\02projects\11hhweldqt\camtongyonghalcon11.1(huahen)\win32\debug\cameraclient.tlog\link.write.1.tlog
