d:\02camtongyonghalcon11.1\generatedfiles\release\moc_calibration.cpp
d:\02camtongyonghalcon11.1\generatedfiles\release\moc_choosedialog.cpp
d:\02camtongyonghalcon11.1\generatedfiles\release\moc_connect.cpp
d:\02camtongyonghalcon11.1\generatedfiles\release\moc_handeyecalib.cpp
d:\02camtongyonghalcon11.1\generatedfiles\release\moc_imageshow.cpp
d:\02camtongyonghalcon11.1\generatedfiles\release\moc_imagethread.cpp
d:\02camtongyonghalcon11.1\generatedfiles\release\moc_matching.cpp
d:\02camtongyonghalcon11.1\generatedfiles\release\moc_models.cpp
d:\02camtongyonghalcon11.1\generatedfiles\release\moc_simulate.cpp
d:\02camtongyonghalcon11.1\generatedfiles\release\moc_halconimage.cpp
d:\02camtongyonghalcon11.1\generatedfiles\release\moc_mainwidget.cpp
d:\02camtongyonghalcon11.1\generatedfiles\release\moc_widgetscens.cpp
d:\02camtongyonghalcon11.1\generatedfiles\release\moc_widgetview.cpp
d:\02camtongyonghalcon11.1\generatedfiles\qrc_pixmap.cpp
d:\02camtongyonghalcon11.1\generatedfiles\ui_2dimageshow.h
d:\02camtongyonghalcon11.1\generatedfiles\ui_2dimageshow1.h
d:\02camtongyonghalcon11.1\generatedfiles\ui_connect.h
d:\02camtongyonghalcon11.1\generatedfiles\ui_halconimage.h
d:\02camtongyonghalcon11.1\generatedfiles\ui_handeyecalib.h
d:\02camtongyonghalcon11.1\release\qrc_pixmap.obj
d:\02camtongyonghalcon11.1\release\handeyecalib.obj
d:\02camtongyonghalcon11.1\release\models.obj
d:\02camtongyonghalcon11.1\release\halconimage.obj
d:\02camtongyonghalcon11.1\release\widgetscens.obj
d:\02camtongyonghalcon11.1\release\widgetview.obj
d:\02camtongyonghalcon11.1\release\moc_connect.obj
d:\02camtongyonghalcon11.1\release\moc_matching.obj
d:\02camtongyonghalcon11.1\release\moc_mainwidget.obj
d:\02camtongyonghalcon11.1\release\connect.obj
d:\02camtongyonghalcon11.1\release\matching.obj
d:\02camtongyonghalcon11.1\release\main.obj
d:\02camtongyonghalcon11.1\release\moc_calibration.obj
d:\02camtongyonghalcon11.1\release\moc_imageshow.obj
d:\02camtongyonghalcon11.1\release\moc_halconimage.obj
d:\02camtongyonghalcon11.1\release\choosedialog.obj
d:\02camtongyonghalcon11.1\release\imagethread.obj
d:\02camtongyonghalcon11.1\release\simulate.obj
d:\02camtongyonghalcon11.1\release\mainwidget.obj
d:\02camtongyonghalcon11.1\release\moc_choosedialog.obj
d:\02camtongyonghalcon11.1\release\moc_imagethread.obj
d:\02camtongyonghalcon11.1\release\moc_simulate.obj
d:\02camtongyonghalcon11.1\release\moc_widgetview.obj
d:\02camtongyonghalcon11.1\release\calibration.obj
d:\02camtongyonghalcon11.1\release\imageshow.obj
d:\02camtongyonghalcon11.1\release\moc_handeyecalib.obj
d:\02camtongyonghalcon11.1\release\moc_models.obj
d:\02camtongyonghalcon11.1\release\moc_widgetscens.obj
d:\02camtongyonghalcon11.1\release\cameraclient.tlog\cameraclient.write.1u.tlog
d:\02camtongyonghalcon11.1\release\cameraclient.tlog\cl.command.1.tlog
d:\02camtongyonghalcon11.1\release\cameraclient.tlog\cl.read.1.tlog
d:\02camtongyonghalcon11.1\release\cameraclient.tlog\cl.write.1.tlog
d:\02camtongyonghalcon11.1\release\cameraclient.tlog\link-cvtres.read.1.tlog
d:\02camtongyonghalcon11.1\release\cameraclient.tlog\link-cvtres.write.1.tlog
d:\02camtongyonghalcon11.1\release\cameraclient.tlog\link-rc.read.1.tlog
d:\02camtongyonghalcon11.1\release\cameraclient.tlog\link-rc.write.1.tlog
d:\02camtongyonghalcon11.1\release\cameraclient.tlog\link.command.1.tlog
d:\02camtongyonghalcon11.1\release\cameraclient.tlog\link.read.1.tlog
d:\02camtongyonghalcon11.1\release\cameraclient.tlog\link.write.1.tlog
