c:\users\sesa214556\source\repos\hhqtads\camtongyonghalcon11.1(huahen)\win32\release\moc_simulate.obj
c:\users\sesa214556\source\repos\hhqtads\camtongyonghalcon11.1(huahen)\win32\release\moc_qtadsoperate.obj
c:\users\sesa214556\source\repos\hhqtads\camtongyonghalcon11.1(huahen)\win32\release\moc_models.obj
c:\users\sesa214556\source\repos\hhqtads\camtongyonghalcon11.1(huahen)\win32\release\moc_matching.obj
c:\users\sesa214556\source\repos\hhqtads\camtongyonghalcon11.1(huahen)\win32\release\moc_mainwidget.obj
c:\users\sesa214556\source\repos\hhqtads\camtongyonghalcon11.1(huahen)\win32\release\moc_imagethread.obj
c:\users\sesa214556\source\repos\hhqtads\camtongyonghalcon11.1(huahen)\win32\release\moc_imageshow.obj
c:\users\sesa214556\source\repos\hhqtads\camtongyonghalcon11.1(huahen)\win32\release\moc_handeyecalib.obj
c:\users\sesa214556\source\repos\hhqtads\camtongyonghalcon11.1(huahen)\win32\release\moc_halconimage.obj
c:\users\sesa214556\source\repos\hhqtads\camtongyonghalcon11.1(huahen)\win32\release\moc_connect.obj
c:\users\sesa214556\source\repos\hhqtads\camtongyonghalcon11.1(huahen)\win32\release\moc_choosedialog.obj
c:\users\sesa214556\source\repos\hhqtads\camtongyonghalcon11.1(huahen)\win32\release\moc_calibration.obj
c:\users\sesa214556\source\repos\hhqtads\camtongyonghalcon11.1(huahen)\win32\release\models.obj
c:\users\sesa214556\source\repos\hhqtads\camtongyonghalcon11.1(huahen)\win32\release\matching.obj
c:\users\sesa214556\source\repos\hhqtads\camtongyonghalcon11.1(huahen)\win32\release\imagethread.obj
c:\users\sesa214556\source\repos\hhqtads\camtongyonghalcon11.1(huahen)\win32\release\imageshow.obj
c:\users\sesa214556\source\repos\hhqtads\camtongyonghalcon11.1(huahen)\win32\release\handeyecalib.obj
c:\users\sesa214556\source\repos\hhqtads\camtongyonghalcon11.1(huahen)\win32\release\connect.obj
c:\users\sesa214556\source\repos\hhqtads\camtongyonghalcon11.1(huahen)\win32\release\choosedialog.obj
c:\users\sesa214556\source\repos\hhqtads\camtongyonghalcon11.1(huahen)\win32\release\calibration.obj
c:\users\sesa214556\source\repos\hhqtads\camtongyonghalcon11.1(huahen)\win32\release\widgetview.obj
c:\users\sesa214556\source\repos\hhqtads\camtongyonghalcon11.1(huahen)\win32\release\widgetscens.obj
c:\users\sesa214556\source\repos\hhqtads\camtongyonghalcon11.1(huahen)\win32\release\mainwidget.obj
c:\users\sesa214556\source\repos\hhqtads\camtongyonghalcon11.1(huahen)\win32\release\main.obj
c:\users\sesa214556\source\repos\hhqtads\camtongyonghalcon11.1(huahen)\win32\release\halconimage.obj
c:\users\sesa214556\source\repos\hhqtads\camtongyonghalcon11.1(huahen)\win32\release\simulate.obj
c:\users\sesa214556\source\repos\hhqtads\camtongyonghalcon11.1(huahen)\win32\release\moc_widgetview.obj
c:\users\sesa214556\source\repos\hhqtads\camtongyonghalcon11.1(huahen)\win32\release\moc_widgetscens.obj
c:\users\sesa214556\source\repos\hhqtads\camtongyonghalcon11.1(huahen)\win32\release\qrc_pixmap.obj
c:\users\sesa214556\source\repos\hhqtads\camtongyonghalcon11.1(huahen)\release\moc_calibration.cpp
c:\users\sesa214556\source\repos\hhqtads\camtongyonghalcon11.1(huahen)\release\moc_choosedialog.cpp
c:\users\sesa214556\source\repos\hhqtads\camtongyonghalcon11.1(huahen)\release\moc_connect.cpp
c:\users\sesa214556\source\repos\hhqtads\camtongyonghalcon11.1(huahen)\release\moc_handeyecalib.cpp
c:\users\sesa214556\source\repos\hhqtads\camtongyonghalcon11.1(huahen)\release\moc_imageshow.cpp
c:\users\sesa214556\source\repos\hhqtads\camtongyonghalcon11.1(huahen)\release\moc_imagethread.cpp
c:\users\sesa214556\source\repos\hhqtads\camtongyonghalcon11.1(huahen)\release\moc_matching.cpp
c:\users\sesa214556\source\repos\hhqtads\camtongyonghalcon11.1(huahen)\release\moc_models.cpp
c:\users\sesa214556\source\repos\hhqtads\camtongyonghalcon11.1(huahen)\release\moc_simulate.cpp
c:\users\sesa214556\source\repos\hhqtads\camtongyonghalcon11.1(huahen)\release\moc_halconimage.cpp
c:\users\sesa214556\source\repos\hhqtads\camtongyonghalcon11.1(huahen)\release\moc_mainwidget.cpp
c:\users\sesa214556\source\repos\hhqtads\camtongyonghalcon11.1(huahen)\release\moc_widgetscens.cpp
c:\users\sesa214556\source\repos\hhqtads\camtongyonghalcon11.1(huahen)\release\moc_widgetview.cpp
c:\users\sesa214556\source\repos\hhqtads\camtongyonghalcon11.1(huahen)\generatedfiles\ui_2dimageshow.h
c:\users\sesa214556\source\repos\hhqtads\camtongyonghalcon11.1(huahen)\generatedfiles\ui_connect.h
c:\users\sesa214556\source\repos\hhqtads\camtongyonghalcon11.1(huahen)\generatedfiles\ui_halconimage.h
c:\users\sesa214556\source\repos\hhqtads\camtongyonghalcon11.1(huahen)\generatedfiles\ui_handeyecalib.h
c:\users\sesa214556\source\repos\hhqtads\camtongyonghalcon11.1(huahen)\generatedfiles\qrc_pixmap.cpp
c:\users\sesa214556\source\repos\hhqtads\camtongyonghalcon11.1(huahen)\release\moc_qtadsoperate.cpp
c:\users\sesa214556\source\repos\hhqtads\camtongyonghalcon11.1(huahen)\release\cameraclient.exe
c:\users\sesa214556\source\repos\hhqtads\camtongyonghalcon11.1(huahen)\win32\release\cameraclient.tlog\cl.command.1.tlog
c:\users\sesa214556\source\repos\hhqtads\camtongyonghalcon11.1(huahen)\win32\release\cameraclient.tlog\cl.read.1.tlog
c:\users\sesa214556\source\repos\hhqtads\camtongyonghalcon11.1(huahen)\win32\release\cameraclient.tlog\cl.write.1.tlog
c:\users\sesa214556\source\repos\hhqtads\camtongyonghalcon11.1(huahen)\win32\release\cameraclient.tlog\custombuild.command.1.tlog
c:\users\sesa214556\source\repos\hhqtads\camtongyonghalcon11.1(huahen)\win32\release\cameraclient.tlog\custombuild.read.1.tlog
c:\users\sesa214556\source\repos\hhqtads\camtongyonghalcon11.1(huahen)\win32\release\cameraclient.tlog\custombuild.write.1.tlog
c:\users\sesa214556\source\repos\hhqtads\camtongyonghalcon11.1(huahen)\win32\release\cameraclient.tlog\link.command.1.tlog
c:\users\sesa214556\source\repos\hhqtads\camtongyonghalcon11.1(huahen)\win32\release\cameraclient.tlog\link.read.1.tlog
c:\users\sesa214556\source\repos\hhqtads\camtongyonghalcon11.1(huahen)\win32\release\cameraclient.tlog\link.write.1.tlog
